1
6
81
89
14
46
153
109
1
31
130
20
17
17
35
153
103
123
43
47
1
4
1
3
1
0
54
8
19
10
8
3
0
38
16
9
52
25
154
8
75
0
83
55
45
127
130
3
61
38
18
30
1
0
12
190
39
1
56
32
145
0
70
7
2
160
6
1
1
7
45
19
151
71
80
5
35
2
1
7
13
14
17
23
48
28
42
111
1
124
8
9
100
39
30
139
79
0
83
36
3
41
6
77
6
28
5
42
39
65
20
101
170
39
65
6
9
5
2
15
130
10
16
34
67
24
3
33
14
5
14
17
26
21
18
32
79
2
3
2
50
28
71
49
1
0
10
28
0
6
1
35
18
5
22
115
7
0
21
1
10
6
26
0
5
11
3
88
2
173
29
5
32
168
9
127
14
16
9
61
8
8
6
5
103
1
0
3
16
30
0
6
13
5
28
8
64
21
4
9
32
94
30
16
84
3
2
27
6
44
15
197
39
104
64
153
20
1
44
44
40
65
0
34
105
16
63
62
9
18
6
54
8
4
61
40
153
12
66
1
35
16
0
11
16
19
0
1
5
33
30
9
82
24
20
49
13
108
0
2
12
170
1
12
3
85
71
0
125
4
40
69
10
53
79
58
131
2
63
84
1
171
43
9
1
150
1
60
33
2
269
68
0
51
76
47
21
4
15
2
27
27
0
210
10
3
20
68
52
7
31
18
7
4
3
0
9
134
29
61
1
44
9
54
25
29
13
6
12
0
23
2
4
32
36
10
5
53
3
9
27
4
77
8
27
1
47
12
6
0
49
30
30
2
19
102
38
73
101
113
20
32
9
32
37
83
21
6
77
4
45
26
76
1
16
2
27
31
10
13
2
0
44
26
32
185
26
3
3
0
24
1
11
12
0
2
1
3
15
22
44
5
20
3
15
23
26
0
1
37
12
53
20
18
61
4
4
42
3
6
76
3
15
0
6
58
18
17
44
1
14
90
21
0
40
37
35
11
34
10
224
48
2
40
17
6
47
36
3
44
43
3
0
19
24
78
81
5
61
20
0
100
17
6
0
38
2
1
8
43
0
26
257
78
56
69
70
24
38
2
142
0
32
37
51
67
0
47
102
214
22
45
1
4
33
5
35
9
15
0
43
79
88
16
0
34
1
20
25
94
40
62
12
4
23
31
14
3
86
4
4
104
21
6
3
58
132
9
1
2
68
17
196
40
23
36
7
38
54
130
8
19
12
5
35
139
5
58
3
3
18
8
204
36
3
61
2
0
30
1
5
7
75
1
6
21
88
178
19
62
57
60
81
0
3
36
13
35
6
232
4
8
3
17
0
12
14
34
29
1
33
12
4
16
60
23
56
95
60
117
54
3
26
1
6
13
34
6
30
19
23
120
105
21
32
24
24
8
29
118
74
0
3
53
164
63
74
100
11
29
30
5
5
24
109
6
0
8
0
148
24
14
4
181
7
34
68
13
1
10
1
29
275
76
22
72
1
21
0
41
10
44
93
3
134
149
19
75
30
27
9
14
29
60
36
0
20
68
21
4
79
116
18
20
2
98
20
39
59
10
32
17
11
57
11
41
3
8
18
41
16
16
11
0
102
4
236
17
12
8
25
46
29
51
6
257
26
17
4
3
77
31
18
0
8
19
33
27
5
