aahu
aaat
aapr
aalt
aavw
aavf
aaqd
abgk
abdb
abik
aady
abbg
aasj
abex
aaiu
abhf
aauc
aarr
ablm
abbe
aakq
aapk
abil
aaft
aacj
aauv
abjo
aaey
aaum
aaym
aaiw
abjh
aaxt
aaxb
abfu
abca
aanx
abem
aaih
aadl
abkv
aayb
aarg
aaxj
abiw
aakr
aawk
abme
aaaw
abkg
aatu
aaly
aaqs
abeb
aafs
aalq
aaqp
abfg
abjp
abko
aaiv
aalb
aadu
aakt
aaqn
abbz
aajt
aaod
abhd
aalr
abec
aaxk
aapp
aaxx
abhh
abcs
aauv
aasn
aaxq
aajx
abbc
abfq
aakn
aasw
aaxi
aaqd
aawj
abht
abdl
abhs
aagd
abgl
abjk
aafg
aasf
aanx
aauh
abhp
aasc
abfu
aaxa
aakm
aaro
aavj
aaux
aaym
abjw
aakk
aahe
abkg
abeq
abey
abej
abbz
aaee
abii
abgq
aahz
aahq
abkb
abko
abcs
aago
aafm
aafu
aaat
aaeg
aalr
abfq
aaqt
aaax
abgb
abgj
aafx
aabb
aaze
aaax
aaqc
aaef
aayk
aayq
aavy
aawk
aagn
aacf
aanr
aaal
aagn
abco
aawc
aalw
aauw
aaoj
abll
aasq
abdh
aasc
aaql
abjz
aagl
abjc
abgh
aaff
abme
aavr
aaiu
abmf
aauk
abky
aabq
abdi
aarw
aaod
abdc
abew
aavo
aaox
abmi
aahy
aaeh
aaym
aadn
aaog
aahp
abip
aaxk
aaqv
abgz
aali
aabl
aaxg
abix
abeh
abcb
abbz
abat
abhe
aawb
abbj
aajc
aahj
aban
abiq
abgh
aaxp
aaba
aayn
aaur
aaoi
abax
aayf
aafw
aanu
aaxt
abga
aavd
aadd
aatt
aapr
aapt
aavk
aark
abbh
abdh
aana
aatz
abml
aayq
aaod
abij
aarl
aaws
abmh
aakl
aavh
aage
aasa
abdk
aayq
abdk
aauu
aawz
aadj
aaqi
abhq
aaxw
aavr
abef
aatj
abdt
abbf
aatr
abmb
abgs
abgx
aabu
aaws
aass
aada
abcg
aani
aact
aaft
aakr
abca
aapq
aasd
abcr
aane
aahs
aafi
aanh
aaqc
aafu
aaxo
aabe
aaon
aavw
aabl
aayo
aafq
aaxv
aavx
ablx
aact
aamr
aagc
aafs
aasx
aake
aaht
aanp
aaqx
abky
aava
abjo
aahw
abhb
ablw
aakp
aawi
abcm
aark
abee
abke
abfy
aahf
abcn
aaci
aaha
abcr
aajn
aaal
aaxi
aaog
abbx
aalk
aalm
aauh
abfu
aarr
abai
aber
aalj
aaqs
abfk
aazl
aaug
abll
aayl
aafj
abbm
abey
abhc
aazs
abhn
abkl
aaqu
aaqp
aayp
abkm
abcx
aaaa
aanp
abdq
abll
aabm
abja
aajf
abiw
aaou
abgf
aajl
aart
aaqo
aald
aafv
abcf
aaic
abix
aarq
abbf
aaaq
aauw
aafp
aahp
aaij
aafx
abem
aaih
aaem
abcm
aajm
aawh
aafs
aaau
abhn
aaox
aahb
aafq
aaje
aasx
abco
abke
abip
aapk
aaoq
aanf
abby
aabk
aaul
aazt
abhe
aaew
aaae
abme
aald
aaei
aaxq
aalg
aazg
abhu
abmh
abkv
aang
aazf
aavo
aaku
aavk
aavz
abfs
aavg
aaxc
abbi
aauh
aajl
aami
abec
aamn
abaa
aaip
aben
aaeh
aban
aans
abdk
aajz
aaez
abgh
aaad
abje
abjw
aawk
aaif
aass
aapd
aali
aapg
aamu
aazi
aawx
aamf
aade
aasw
aaxg
abko
aaev
aafz
aasa
abcp
aanu
aahe
aaog
aaax
aahe
aaig
abho
abdr
abcq
aaks
abca
abbm
aaru
aaxo
aazx
aahg
aahp
aank
abcl
abbc
aajs
aayc
abgr
aaza
aaiq
abfr
abcv
aasl
aaub
abmd
aamy
abjf
abjd
aapp
abbi
aact
aayw
aany
aayo
aavz
aaqx
ablh
aawj
abci
abat
aahf
aabx
aask
aags
aaiv
abaw
abgb
aaxq
abie
aazj
aath
abid
abjg
abdt
aayd
aasc
aand
abez
abdt
aans
abjb
abhe
aahz
abku
aarj
aakf
abgd
aasq
aafp
aaht
aabz
abia
aapg
abdq
aagy
abgy
aatc
aaky
abge
abal
aahs
abhu
aaju
abko
abcl
aajp
abkn
abib
aatq
aawz
aahz
aajr
aaws
abed
aaqt
abaz
aata
aanq
aapw
aagl
abfm
aaes
aaxn
aaou
abhb
abjm
aaqm
abhp
aaux
aaya
abez
abmb
abba
aavg
aahk
aany
aalz
abaq
aapa
aakh
abjk
abja
abgg
aayy
aasg
aaea
abid
aaax
abhg
aagu
abdu
abfv
aarr
ablx
abei
abca
abbz
abjh
abfn
aamr
abbr
abgs
aanv
aalp
abhr
aayb
abje
aacb
aaqv
aaro
aaba
aaet
aalt
aapv
aafo
aayc
abla
abcp
aayq
abhm
aaxk
ablu
aary
abho
aaur
aajp
aaqy
aasr
aalp
abdj
aafq
aauw
aaoi
aato
aapq
aarh
aaeo
abcv
aasi
abgm
aaqr
ablv
abhj
abhh
aadj
aahq
aavm
abbi
abmh
aakz
ablz
aaus
aamc
abkb
abmg
aawb
abio
abkx
aacs
aavy
aadd
aaqv
abic
abeu
abal
abks
aabx
aara
abia
aahu
aawu
aasv
aawh
aaba
abcx
abgl
aafr
abjq
abig
aaoy
abbc
aagv
aanj
abhu
aant
abgc
abhy
aapk
aaby
aavg
abfv
aalw
abeg
abeo
abgf
aaxe
abaq
abhc
aavb
abmd
aads
abcy
aatk
aawg
aano
abjv
abey
abfs
aavr
ablh
aaqo
aaab
abhc
aanq
abbl
aaaa
abau
aabk
aaeu
aaak
abil
aaly
aavq
abel
aaqv
aabr
aaic
aayh
abfi
aany
abjf
abjl
aasr
aaeg
aaok
aamx
aavy
aajd
aage
aajt
abgh
aank
aasq
aapn
aatw
aahc
abdf
aald
aarq
aare
abjc
abcw
aaya
aadr
abks
abme
aaxe
abec
abcc
aahi
aajv
abfc
aacj
abes
aalf
aalo
abgn
aati
aadt
abgw
aacf
aagr
aapb
aawn
aauc
abdl
aaab
abgh
aaon
aacs
aaal
aaiy
abah
abck
aber
aaym
aaur
aawa
aaud
abfs
abkz
aajl
aafe
aabo
aapu
abid
abdr
aajz
abgx
aaag
aavw
aajl
abje
aamh
aabt
aaxp
aafl
aayg
aavv
aaov
aari
aaew
abmj
aadu
abfj
aalm
aaha
aans
abcr
aaiq
ablg
aawo
aabd
abeb
abia
abcs
aajw
aaup
aasy
aabm
abfu
abdy
aafh
abfn
abgp
aaxu
abcr
aaof
abfs
abab
aamb
aaup
aasa
aaeh
aakg
aaph
aafx
aaoa
aado
abcb
aavj
aahf
aaid
abbk
abdo
aamg
abdd
aand
abkv
aarj
abhb
abbl
aaqx
aauf
abem
abel
abej
abhy
aaqz
aays
aatv
aaoi
abcw
aasa
abmc
abjy
aani
aadf
aaga
aaal
aaol
aagb
aauy
abcu
abga
aavu
abli
aadv
abmi
aaki
aacs
abiy
aatd
aakq
aasf
aauk
aaws
abeo
aaaz
aacx
abke
abed
abad
abaa
aalk
aagx
abla
abme
abbc
abis
aalq
aayh
aanf
aabl
abdf
abaq
abda
abjh
abjq
aasp
aaia
aagp
aakv
aabi
aapw
aaup
abjy
aajv
aaws
aaas
aake
aaxw
aain
abct
abhp
abim
abax
abii
abfn
aahc
abif
abkg
abll
aamn
aaoz
abjm
aaxu
abjy
aaqt
abcz
aaas
aatb
aaad
aagu
abcy
abel
abfw
aaft
aany
aace
aajq
aaia
aajw
abja
aaxx
aavn
abaa
aazu
aaqr
abef
able
aats
abbr
abja
aaem
aaaw
aajt
aaqn
abgc
aajx
aadv
aaqr
aapm
aaal
aasx
aajj
aacg
aaeo
abjn
aahf
ablf
aaij
abem
abko
aazf
shenmegui
shenmegui
shenmegui
shenmegui
shenmegui
shenmegui
shenmegui
shenmegui
shenmegui
shenmegui
