270114766504
293164817916
290465849888
252884178789
294561112071
262566670554
259302221227
296786316166
294241970989
260215278527
257185807551
300029925829
252821426149
261764036846
246879744043
273570138093
294780331906
256043781393
271633138693
279501020432
265200047645
272082849263
302787845799
249735524585
300565000446
262172227489
262753268552
253625523274
280758836513
289272884701
291849190957
249611002853
267800670924
252054091932
257943006195
282842219115
269445787316
292063911115
252963672262
297198354016
295276450873
254680208442
269005604475
255196081088
259596951822
272263967929
302547924492
271990901169
268770612036
275823548071
270234751141
254326988875
303959144335
261043063286
246538281108
268085431700
296879334014
288514228754
256209204252
275741649785
299095475890
255203973653
263638142680
254172286556
252605518322
253197613898
260231424870
286341875414
248328126185
297309266651
291878697948
291091856795
284627788383
248532546215
277513585604
271800750361
267068732591
291515567774
274413505588
298031625888
247841699351
273017845190
249761849542
252754153649
269513724826
253184275833
273025722505
265826443311
264496820106
289051616383
293073249667
262168227979
282773666258
277360385994
282687613860
276909413884
258307889173
250683122664
275031693652
286765606996
259891027794
298660785459
283623910683
294198880419
283266480049
264824232173
264914153267
286277352541
268467503644
298932492728
303953438810
275080324689
290157492121
294086144314
284000938823
284594651844
283997838021
261570786099
285750804576
251079125482
266865636124
296022527915
248126056843
265779256577
257553615969
259577295636
246412766855
267681189363
272254398404
289271600675
273202420262
248938350553
257938163039
281682392286
302035762971
287595413166
268605336747
255065081519
267707644019
282163842129
293563637877
291873622420
249655861127
249591150960
291645357942
289925137369
264252605792
262756735398
291926504603
275900807532
287841248377
262402344978
268747820388
280748158034
260920880199
278451572084
280519845186
276559817331
269966540438
287622938474
266717723526
283682301177
273957463876
259607797225
266736039618
284607610276
297602510640
279368169662
269863776424
252435076110
292106999157
273360899238
291290512452
281326982831
248302618963
294180142800
271936108381
258637753867
252026789666
258931667779
282040628294
267044712823
269442030707
255122979947
249463816881
267067169276
265624560550
298929352980
253246709725
268858807598
282428081998
296184966783
289627190418
301942565056
268690060968
280018275644
249943240376
286382847642
300144900497
256256029009
277449782952
285580212391
299024120833
265551994676
261289630685
287806214448
287494965431
267849656614
290553050309
294117754612
301513007484
290632844060
255885806293
249272561422
260339529559
293770601003
254933619754
279207857627
285938895155
291555111371
300705748714
291671731703
248944123564
272589390447
285734474137
262453763550
276104090246
282632403897
294561446743
259255621963
293996255163
266272599591
246874177234
296381014865
253366657881
297085330277
296359308568
283374616775
262340595087
287106096751
280976439250
300131247549
262924690288
296752197954
278362403384
281413785258
286292798637
302553604286
247384973057
276523153604
303538655304
264758155475
256696912187
280908358538
288746465222
262036901730
275497621772
293125194084
293541853430
258491171670
298658996453
249541433299
295670532029
246392893704
275523942950
276910032392
291792067900
254717613156
300462622968
290683900399
249311364985
277356294816
248390634259
283399813137
271136965062
292654655237
258228559448
257302382322
288325669272
295215545498
299240389405
299915222875
297577995774
303678022622
294860583737
248339815975
294861478868
291943429958
277154453273
299230974007
253986449946
301244150877
279462487931
269328564635
289500300016
293151250687
263193663299
294760698154
261448815289
295221005213
248508524798
287629229747
281771354433
271787312068
247885048224
282063792228
250359441366
269240510821
294405011320
251979990137
287742525599
301812924867
260223191017
283144398671
303538103979
301704429630
289731551963
250583753890
277162167816
287184468260
256586427472
269717231242
257733326389
302608174369
302618727577
302012549598
290036435910
266136784397
288688906654
296751813168
290808690067
255155387479
298770104427
265090546707
249226267583
289931604445
270486303043
282489991150
253158127282
268874512798
279091580620
267822480505
262487483849
296704185497
272740544224
249701128063
271583156884
278118942385
263963648374
260724916133
300927467759
269058504975
258397183839
279737772151
256074074843
301157421344
248967907206
250207439702
258106055619
258504521765
302432121746
251212898348
287921209587
283066465943
256293767702
258443121056
285727149256
286718323918
298611073363
269704237250
282555596424
264180596385
266267306564
257717458020
279230184995
291818468481
298664398411
258177891994
261467411442
268974264689
277054533332
292454841806
270696872363
273623249853
268077905218
264343640872
250665533834
286472393862
252577855377
275408594210
302487636516
281585679497
258963730797
266330146534
284002918746
255364776952
259740128249
261146898830
301109660968
257692069294
253099539740
284477468588
285225401498
285180511138
286957392837
248112576709
280321495332
246604158485
272176309089
259763223365
279875697798
249691308879
262509616409
287280399407
284433029765
257964802294
303419972653
280135649823
250296505510
257419704882
265158065289
272131106983
256912830636
280210987852
287108845433
267183942854
278599266851
277648612657
270407207026
254498897251
279713813738
296990453150
285989612505
277905510976
303537529684
286572948110
298526537930
286411755663
270549661820
258842092888
274077946734
284205259289
273511177173
259391332353
273371654483
297689990069
285324055892
275731330033
246402189098
257306530342
254739936649
257572556922
283130406019
275614424532
269711601044
297849743378
264897037814
263039819279
256961675517
261728597687
286437851931
298401815253
289896459135
302784235097
281502238522
294968194475
257791134976
280628231614
289292917917
250892766900
283727039950
302749808459
277049305024
285100158390
281939351605
296048766639
302026341598
290757017514
274498885613
253897393995
287578763914
279141776936
288955469729
277332174797
284493393803
257852107788
249419088544
277461209638
303949568647
260796159901
281439198936
291093505731
274224670433
285315901001
246761092137
250971408906
280449375728
280846034261
296648998554
293972593363
287585042256
249203063716
282106975311
246844914483
276970356274
266153687292
293430879499
289171840931
260082724785
264418785357
253010877098
266673462335
282420028489
275925826757
279199869588
254794356110
281073462265
247531605275
290150199788
285434761883
267140641238
301227220818
258216426003
283574268051
282595589744
255980002880
256491925081
261488305220
297468512435
289198812240
295354672868
289885558877
285829136951
301435624511
277858850964
248986503302
281367856341
251588231460
298339893791
272172177803
289800098013
300045479166
265303437012
272087291253
302904069280
264436768010
264226562571
298793331888
282122605806
260188192936
271948079008
272341895299
249714911421
272614866667
247127511341
265461516943
272542517578
269191035744
261854044127
302398605243
250570484368
262372832602
276496892551
256702485903
266832829797
272806776288
277411203654
268169870205
289724692095
278433809256
261711876615
264291339743
282647870587
269331140183
260613355270
284482340105
263546853693
246434616923
303582176220
279394638703
257296120458
301809493064
284368343571
297734625944
270641343539
292841025558
276865764054
299544030925
257945656913
284832827774
254062709417
275155460589
250979680332
268416481273
263355980008
247609780502
256523386736
256206591607
268653327117
271281300316
258189852212
264814186041
271517267156
248842379822
267078190759
275726894839
255815518688
282125784843
279077161570
246811665864
274829956728
252369639357
291034110534
296313113425
270723518044
279320250298
262796607068
301181925060
263879625522
299532592463
302280187308
289520290827
282436023534
285915605037
264836298803
275906772109
272418141724
255933763621
303901784139
294705421660
273910626275
303388699838
274911064464
274482758820
247100670145
260691289211
299378333398
295110252685
294641943003
303484763215
281960015385
290795134810
296724970290
277244762873
283930545386
274180116833
282135770009
267065692313
256075910221
295360044884
284995464937
252701163529
279817555001
289107127537
271668510258
296058305459
266422488580
259307762985
293777878402
302859437921
266966572144
283462029244
274378723388
269371517643
297813564744
292353027149
268648814620
280402720893
252115202150
279612370772
267163310904
270681730163
296930260851
270454866953
272641493386
303335278838
303738536859
271556722972
268748335098
247733343511
247333729662
258815008398
270849465944
260154052036
269458672066
267746695176
286205902919
297635243598
296123163051
281446412701
302175242105
271421439569
277387053870
271691296263
287834751611
261860810425
269869191275
296823755155
251756441629
285763718538
279292329054
302818368106
254808986853
303549569655
289694313310
251595196719
274244228032
262209504321
279577393834
292491114345
282795766478
261917439437
291020113603
279637227475
301183060018
301596432654
255090523498
260487959569
293031226383
296610835723
287891332215
275123184553
274877233310
252187977407
299647992333
286060946703
258200251259
258660586194
261794773279
282940965360
295499731026
265047231713
258788212047
275444870412
257725758763
297440649240
293889677413
257380714191
271471751961
255541637579
284609936136
300646292125
299795378424
279107656282
264421351242
261899413449
250750404591
297227661187
301385386571
252149063357
249201334392
266633667124
287131669653
253567541337
296760624501
297308045245
285900078382
266244746086
251529595896
247764580335
282378314388
300939008464
302410759162
290424929591
296138145445
254068130357
282854415576
249059344231
277833215907
262654949402
289159252085
252796086815
274494220562
274761948575
286935813482
271724324872
294503292351
301745898390
267283024050
248512850271
298037466265
294817372250
259903189263
283241777125
257307961730
280515180356
289601536213
266410949443
280430562930
269931057747
284950479221
256315714914
277139056556
279566254211
259867303855
297690543035
294697930868
288548518168
282374835221
289875492912
279188590015
285006299655
247281985525
260610208935
279156746494
286403387401
289429665177
298328034459
281673063053
262540127100
291167753630
255749036105
302218531773
279747276491
285538703186
253995295985
286612219969
303794570920
266503539843
251018408020
279691568172
268421654940
285086539450
284580714573
253108000386
301023812428
258096236991
270528644915
275259968867
300078430198
253469877221
275707864187
301477599146
262514320202
281435551922
266643764022
259023088279
292660371286
256141237271
272550625651
253812164236
302328126353
302982602893
302625164795
296460750984
286914439908
301852734046
255699048440
246504872424
293688568992
278278203672
292742992929
282249869051
296937683205
288460654271
283771502172
252052780839
271553955687
302126646375
246887002852
284769622053
290421034954
293293955733
281261503860
271851505528
301437939112
303888976925
253732984088
295312935630
265115932256
297283365245
282801758889
269555242968
256576447543
290232169640
248670629679
287356388088
271107363774
286410296207
247657218122
249968197972
278074874247
294211735072
285346971225
294126152168
295522567749
269783727069
272134890382
261281949941
293057320699
301145386820
275352249494
301487026853
251757247893
268489734273
263402618990
281725917217
256639251904
262503240099
272598055430
249434585994
291044614765
271934419023
246486368806
300290877689
286354670658
265717308755
270296552594
277471304514
251859268031
300200158222
262443807898
259457297111
290773278227
280477982003
258652652635
283667602581
246604595153
249174291904
279063340104
278534512995
302767268773
303689353878
278811574101
283827438949
283125074831
294934868758
268437253699
282739939096
296992341013
251556565783
274579660363
287646471087
297861876684
265741903668
285607725950
282161974553
257100435076
253755784679
284932840237
299999947327
284193643048
247007182458
257787072136
257122839135
251395575185
271546841067
270844781781
268111651779
296229184295
281608083625
258630339873
254961099300
279388742112
289584316846
265260968327
302847533938
266712468992
287915273735
287285695377
258390631014
255070743940
257913445948
271240352531
260370055447
293379577329
275496025434
302594138923
268177937975
288360709094
295750593362
257776243805
271117058053
279220384782
284520857348
298705912575
258946028329
298708665419
287753638552
288606269100
293616996010
280575975991
254072204993
279653120626
276783389893
270191109026
289192188913
274424394938
286669003110
252565800752
270623314744
297429284032
273245149936
269439494017
302506448040
279141333553
287963525448
300747825134
248297055577
259286445313
